
pylint is an interesting software that tells about some major style issues with a python code.
This is the output for our code.
There is a lot to fix.


************* Module train
src/train.py:388:0: C0330: Wrong continued indentation (add 16 spaces).
                layer_size=layers_sizes,
                ^               | (bad-continuation)
src/train.py:389:0: C0330: Wrong continued indentation (add 16 spaces).
                trainability=layers_trainable,
                ^               | (bad-continuation)
src/train.py:390:0: C0330: Wrong continued indentation (add 16 spaces).
                gvect_size = g_size,
                ^               | (bad-continuation)
src/train.py:390:27: C0326: No space allowed around keyword argument assignment
                gvect_size = g_size,
                           ^ (bad-whitespace)
src/train.py:391:0: C0330: Wrong continued indentation (add 16 spaces).
                batch_size = batch_size,
                ^               | (bad-continuation)
src/train.py:391:27: C0326: No space allowed around keyword argument assignment
                batch_size = batch_size,
                           ^ (bad-whitespace)
src/train.py:392:0: C0330: Wrong continued indentation (add 16 spaces).
                Nspecies=n_species,
                ^               | (bad-continuation)
src/train.py:393:0: C0330: Wrong continued indentation (add 16 spaces).
                atomic_label=atomic_sequence,
                ^               | (bad-continuation)
src/train.py:394:0: C0330: Wrong continued indentation (add 16 spaces).
                import_layer=networks_wb)
                ^               | (bad-continuation)
src/train.py:395:0: C0303: Trailing whitespace (trailing-whitespace)
src/train.py:416:0: C0330: Wrong continued indentation (remove 1 space).
                                         name='minimize_me')
                                        |^ (bad-continuation)
src/train.py:476:77: C0303: Trailing whitespace (trailing-whitespace)
src/train.py:477:0: C0330: Wrong continued indentation (add 32 spaces).
                            np.mean(np.abs(delta_e)), np.std(delta_e)) + '\n')
                            ^                               | (bad-continuation)
src/train.py:53:0: W1401: Anomalous backslash in string: '\ '. String constant might be missing an r prefix. (anomalous-backslash-in-string)
src/train.py:53:0: W1401: Anomalous backslash in string: '\ '. String constant might be missing an r prefix. (anomalous-backslash-in-string)
src/train.py:53:0: W1401: Anomalous backslash in string: '\ '. String constant might be missing an r prefix. (anomalous-backslash-in-string)
src/train.py:53:0: W1401: Anomalous backslash in string: '\ '. String constant might be missing an r prefix. (anomalous-backslash-in-string)
src/train.py:53:0: W1401: Anomalous backslash in string: '\ '. String constant might be missing an r prefix. (anomalous-backslash-in-string)
src/train.py:54:0: W1401: Anomalous backslash in string: '\ '. String constant might be missing an r prefix. (anomalous-backslash-in-string)
src/train.py:54:0: W1401: Anomalous backslash in string: '\|'. String constant might be missing an r prefix. (anomalous-backslash-in-string)
src/train.py:54:0: W1401: Anomalous backslash in string: '\|'. String constant might be missing an r prefix. (anomalous-backslash-in-string)
src/train.py:54:0: W1401: Anomalous backslash in string: '\ '. String constant might be missing an r prefix. (anomalous-backslash-in-string)
src/train.py:55:0: W1401: Anomalous backslash in string: '\|'. String constant might be missing an r prefix. (anomalous-backslash-in-string)
src/train.py:55:0: W1401: Anomalous backslash in string: '\ '. String constant might be missing an r prefix. (anomalous-backslash-in-string)
src/train.py:55:0: W1401: Anomalous backslash in string: '\ '. String constant might be missing an r prefix. (anomalous-backslash-in-string)
src/train.py:55:0: W1401: Anomalous backslash in string: '\ '. String constant might be missing an r prefix. (anomalous-backslash-in-string)
src/train.py:56:0: W1401: Anomalous backslash in string: '\_'. String constant might be missing an r prefix. (anomalous-backslash-in-string)
src/train.py:56:0: W1401: Anomalous backslash in string: '\_'. String constant might be missing an r prefix. (anomalous-backslash-in-string)
src/train.py:56:0: W1401: Anomalous backslash in string: '\_'. String constant might be missing an r prefix. (anomalous-backslash-in-string)
src/train.py:56:0: W1401: Anomalous backslash in string: '\_'. String constant might be missing an r prefix. (anomalous-backslash-in-string)
src/train.py:56:0: W1401: Anomalous backslash in string: '\_'. String constant might be missing an r prefix. (anomalous-backslash-in-string)
src/train.py:56:0: W1401: Anomalous backslash in string: '\ '. String constant might be missing an r prefix. (anomalous-backslash-in-string)
src/train.py:1:0: C0111: Missing module docstring (missing-docstring)
src/train.py:14:0: E0611: No name 'python' in module 'tensorflow' (no-name-in-module)
src/train.py:17:0: E0611: No name 'python' in module 'tensorflow' (no-name-in-module)
src/train.py:18:0: E0611: No name 'python' in module 'tensorflow' (no-name-in-module)
src/train.py:19:0: E0611: No name 'python' in module 'tensorflow' (no-name-in-module)
src/train.py:20:0: E0611: No name 'python' in module 'tensorflow' (no-name-in-module)
src/train.py:23:0: C0414: Import alias does not rename original package (useless-import-alias)
src/train.py:43:0: C0111: Missing function docstring (missing-docstring)
src/train.py:43:0: R0914: Too many local variables (92/15) (too-many-locals)
src/train.py:45:16: W0212: Access to a protected member _get_logger of a client class (protected-access)
src/train.py:231:24: E0602: Undefined variable 'netework' (undefined-variable)
src/train.py:244:27: E0602: Undefined variable 'netework' (undefined-variable)
src/train.py:270:27: C1801: Do not use `len(SEQUENCE)` to determine if a sequence is empty (len-as-condition)
src/train.py:200:4: R1702: Too many nested blocks (7/5) (too-many-nested-blocks)
src/train.py:295:27: C1801: Do not use `len(SEQUENCE)` to determine if a sequence is empty (len-as-condition)
src/train.py:200:4: R1702: Too many nested blocks (7/5) (too-many-nested-blocks)
src/train.py:322:23: C1801: Do not use `len(SEQUENCE)` to determine if a sequence is empty (len-as-condition)
src/train.py:333:16: C0103: Variable name "e" doesn't conform to snake_case naming style (invalid-name)
src/train.py:200:4: R1702: Too many nested blocks (6/5) (too-many-nested-blocks)
src/train.py:338:23: C1801: Do not use `len(SEQUENCE)` to determine if a sequence is empty (len-as-condition)
src/train.py:200:4: R1702: Too many nested blocks (6/5) (too-many-nested-blocks)
src/train.py:363:4: E1129: Context manager 'generator' doesn't implement __enter__ and __exit__. (not-context-manager)
src/train.py:398:12: C0103: Variable name "lr" doesn't conform to snake_case naming style (invalid-name)
src/train.py:400:12: C0103: Variable name "lr" doesn't conform to snake_case naming style (invalid-name)
src/train.py:426:12: C0103: Variable name "l" doesn't conform to snake_case naming style (invalid-name)
src/train.py:452:12: W1113: Keyword argument before variable positional arguments list in the definition of __init__ function (keyword-arg-before-vararg)
src/train.py:452:0: W0613: Unused argument 'args' (unused-argument)
src/train.py:452:0: W0613: Unused argument 'kwargs' (unused-argument)
src/train.py:456:16: W0201: Attribute '_step' defined outside __init__ (attribute-defined-outside-init)
src/train.py:457:16: W0201: Attribute '_start_time' defined outside __init__ (attribute-defined-outside-init)
src/train.py:488:24: W0201: Attribute '_start_time' defined outside __init__ (attribute-defined-outside-init)
src/train.py:458:16: W0201: Attribute '_writer' defined outside __init__ (attribute-defined-outside-init)
src/train.py:459:16: W0201: Attribute '_writer2' defined outside __init__ (attribute-defined-outside-init)
src/train.py:120:4: W0612: Unused variable 'n_atoms' (unused-variable)
src/train.py:130:4: W0612: Unused variable 'layers_initializer' (unused-variable)
src/train.py:43:0: R0912: Too many branches (63/12) (too-many-branches)
src/train.py:43:0: R0915: Too many statements (256/50) (too-many-statements)
src/train.py:6:0: W0611: Unused import json (unused-import)
src/train.py:24:0: W0611: Unused A2BOHR imported from neuralnet.constants (unused-import)
src/train.py:15:0: C0411: standard import "import logging as or_logging" should be placed before "import numpy as np" (wrong-import-order)

------------------------------------------------------------------
Your code has been rated at 6.34/10 (previous run: 6.02/10, +0.32)

